<?xml version="1.0" encoding="UTF-8"?>
<!-- Generated by org.testng.reporters.JUnitReportReporter -->
<testsuite skipped="0" hostname="master" name="demotest._5TestWithBeforeClass" tests="2" failures="0" timestamp="04 May 2019 04:17:25 GMT" time="1.104" errors="0">
  <testcase name="check_URL" time="0.059" classname="demotest._5TestWithBeforeClass"/>
  <testcase name="check_title" time="1.045" classname="demotest._5TestWithBeforeClass"/>
</testsuite> <!-- demotest._5TestWithBeforeClass -->
