<?xml version="1.0" encoding="UTF-8"?>
<!-- Generated by org.testng.reporters.JUnitReportReporter -->
<testsuite skipped="0" hostname="master" name="demotest._4TestWithBeforeMethod" tests="2" failures="0" timestamp="04 May 2019 04:17:25 GMT" time="81.141" errors="0">
  <testcase name="check_title" time="36.060" classname="demotest._4TestWithBeforeMethod"/>
  <testcase name="check_URL" time="45.081" classname="demotest._4TestWithBeforeMethod"/>
</testsuite> <!-- demotest._4TestWithBeforeMethod -->
